
                             Synplify (R) Premier 

                Version O-2018.09-SP1 for RHEL64 - Nov 27, 2018 

                    Copyright (c) 1988 - 2018 Synopsys, Inc.
   This software and the associated documentation are proprietary to Synopsys,
 Inc. This software may only be used in accordance with the terms and conditions
 of a written license agreement with Synopsys, Inc. All other use, reproduction,
            or distribution of this software is strictly prohibited.

Starting:    /vol/synopsys/fpga/O-2018.09-SP1/linux_a_64/mbin/synplify
Install:     /vol/synopsys/fpga/O-2018.09-SP1
Hostname:    joker.ece.northwestern.edu
Date:        Sun Feb 22 21:56:14 2026
Version:     O-2018.09-SP1

Arguments:   -product synplify_premier
ProductType: synplify_premier

License checkout: synplifypremierdp
License: synplifypremierdp from server synopsyslm.ece.northwestern.edu (Using premium license)
Licensed Vendor: All FPGA
License Option: ident



log file: "/home/dcc3637/Courses/CE_392/SV/anc_final/synth/rev_3/wallace_tree_recursive.srr"
Running: rev_3 in foreground

Running proj_1|rev_3

Running Flow: compile (Compile) on proj_1|rev_3
# Sun Feb 22 21:57:06 2026

Running Flow: compile_flow (Compile Process) on proj_1|rev_3
# Sun Feb 22 21:57:06 2026
License granted for 4 parallel jobs

Running: compiler (Compile Input) on proj_1|rev_3
# Sun Feb 22 21:57:06 2026
compiler exited with errors
Job failed on: proj_1|rev_3

Job: "compiler" terminated with error status: 2
See log file: "/home/dcc3637/Courses/CE_392/SV/anc_final/synth/rev_3/synlog/wallace_tree_recursive_compiler.srr"
# Sun Feb 22 21:57:06 2026

Return Code: 2
Run Time:00h:00m:00s
Complete: Compile Process on proj_1|rev_3
Complete: Compile on proj_1|rev_3
Complete: Logic Synthesis on proj_1|rev_3
2Opening object source file /home/dcc3637/Floating_Point_Modules/mac/float_design/mac_float_top.sv
log file: "/home/dcc3637/Courses/CE_392/SV/anc_final/synth/rev_3/wallace_tree_recursive.srr"
Running: rev_3 in foreground

Running proj_1|rev_3

Running Flow: compile (Compile) on proj_1|rev_3
# Sun Feb 22 21:58:34 2026

Running Flow: compile_flow (Compile Process) on proj_1|rev_3
# Sun Feb 22 21:58:34 2026
License granted for 4 parallel jobs

Running: compiler (Compile Input) on proj_1|rev_3
# Sun Feb 22 21:58:34 2026
compiler exited with errors
Job failed on: proj_1|rev_3

Job: "compiler" terminated with error status: 2
See log file: "/home/dcc3637/Courses/CE_392/SV/anc_final/synth/rev_3/synlog/wallace_tree_recursive_compiler.srr"
# Sun Feb 22 21:58:35 2026

Return Code: 2
Run Time:00h:00m:01s
Complete: Compile Process on proj_1|rev_3
Complete: Compile on proj_1|rev_3
Complete: Logic Synthesis on proj_1|rev_3
2Opening object source file /home/dcc3637/Floating_Point_Modules/mac/float_design/mac_float_top.sv
log file: "/home/dcc3637/Courses/CE_392/SV/anc_final/synth/rev_3/wallace_tree_recursive.srr"
Running: rev_3 in foreground

Running proj_1|rev_3

Running Flow: compile (Compile) on proj_1|rev_3
# Sun Feb 22 21:59:06 2026

Running Flow: compile_flow (Compile Process) on proj_1|rev_3
# Sun Feb 22 21:59:06 2026
License granted for 4 parallel jobs

Running: compiler (Compile Input) on proj_1|rev_3
# Sun Feb 22 21:59:06 2026
Copied /home/dcc3637/Courses/CE_392/SV/anc_final/synth/rev_3/synwork/wallace_tree_recursive_comp.srs to /home/dcc3637/Courses/CE_392/SV/anc_final/synth/rev_3/wallace_tree_recursive.srs

compiler completed
# Sun Feb 22 21:59:09 2026

Return Code: 0
Run Time:00h:00m:03s

Running: multi_srs_gen (Multi-srs Generator) on proj_1|rev_3
# Sun Feb 22 21:59:09 2026

multi_srs_gen completed
# Sun Feb 22 21:59:09 2026

Return Code: 0
Run Time:00h:00m:00s
Copied /home/dcc3637/Courses/CE_392/SV/anc_final/synth/rev_3/synwork/wallace_tree_recursive_mult.srs to /home/dcc3637/Courses/CE_392/SV/anc_final/synth/rev_3/wallace_tree_recursive.srs
Complete: Compile Process on proj_1|rev_3

Running: premap (Premap) on proj_1|rev_3
# Sun Feb 22 21:59:09 2026

premap completed with warnings
# Sun Feb 22 21:59:11 2026

Return Code: 1
Run Time:00h:00m:02s
Complete: Compile on proj_1|rev_3

Running Flow: map (Map) on proj_1|rev_3
# Sun Feb 22 21:59:11 2026
License granted for 4 parallel jobs

Running: fpga_mapper (Map & Optimize) on proj_1|rev_3
# Sun Feb 22 21:59:11 2026
Copied /home/dcc3637/Courses/CE_392/SV/anc_final/synth/rev_3/synwork/wallace_tree_recursive_m.srm to /home/dcc3637/Courses/CE_392/SV/anc_final/synth/rev_3/wallace_tree_recursive.srm

fpga_mapper completed with warnings
# Sun Feb 22 21:59:31 2026

Return Code: 1
Run Time:00h:00m:20s
Complete: Map on proj_1|rev_3
Complete: Logic Synthesis on proj_1|rev_3
0exit status=0
License checkin: synplifypremierdp
