xrun(64): 21.09-s001: (c) Copyright 1995-2021 Cadence Design Systems, Inc.
TOOL:	xrun(64)	21.09-s001: Started on Feb 23, 2026 at 15:13:41 CST
xrun
	-64bit
	-sv
	-f run.f
		../float_design/mac_float_pkg.sv
		../float_design/carry_save_adder.sv
		../float_design/leading_zero_counter.sv
		../float_design/leading_zero_counter_top.sv
		../float_design/wallace_tree_recursive.sv
		../float_design/align_addend.sv
		../float_design/mac_float_decode.sv
		../float_design/mac_float_execution.sv
		../float_design/mac_float_align_round_sum.sv
		../float_design/mac_float.sv
		../../common/data_pipeline.sv
		../tb/sanity_test.sv
		../tb/mac_float_model.sv
	-timescale 1ns/1ps
	-access +rwc
	-top tb_mac_float
	-gui
DEFINE Lab1 /home/dcc3637/CE_391/Lab1/Lab1
|
xrun: *W,DLCPTH (/home/dcc3637/cds.lib,2): cds.lib Invalid path '/home/dcc3637/CE_391/Lab1/Lab1' (cds.lib command ignored).
DEFINE Lb1 /home/dcc3637/CE_391/Lab1/Lb1
|
xrun: *W,DLCPTH (/home/dcc3637/cds.lib,4): cds.lib Invalid path '/home/dcc3637/CE_391/Lab1/Lb1' (cds.lib command ignored).
DEFINE Lb /home/dcc3637/CE_391/Lab1/Lb
|
xrun: *W,DLCPTH (/home/dcc3637/cds.lib,5): cds.lib Invalid path '/home/dcc3637/CE_391/Lab1/Lb' (cds.lib command ignored).
DEFINE Lab1 /home/dcc3637/CE_391/Lab1
|
xrun: *W,DLCPTH (/home/dcc3637/cds.lib,6): cds.lib Invalid path '/home/dcc3637/CE_391/Lab1' (cds.lib command ignored).
DEFINE Lab1 /home/dcc3637/CE_391/Lab1/Lab1
|
xrun: *W,DLCPTH (/home/dcc3637/cds.lib,2): cds.lib Invalid path '/home/dcc3637/CE_391/Lab1/Lab1' (cds.lib command ignored).
DEFINE Lb1 /home/dcc3637/CE_391/Lab1/Lb1
|
xrun: *W,DLCPTH (/home/dcc3637/cds.lib,4): cds.lib Invalid path '/home/dcc3637/CE_391/Lab1/Lb1' (cds.lib command ignored).
DEFINE Lb /home/dcc3637/CE_391/Lab1/Lb
|
xrun: *W,DLCPTH (/home/dcc3637/cds.lib,5): cds.lib Invalid path '/home/dcc3637/CE_391/Lab1/Lb' (cds.lib command ignored).
DEFINE Lab1 /home/dcc3637/CE_391/Lab1
|
xrun: *W,DLCPTH (/home/dcc3637/cds.lib,6): cds.lib Invalid path '/home/dcc3637/CE_391/Lab1' (cds.lib command ignored).
DEFINE Lab1 /home/dcc3637/CE_391/Lab1/Lab1
|
xrun: *W,DLCPTH (/home/dcc3637/cds.lib,2): cds.lib Invalid path '/home/dcc3637/CE_391/Lab1/Lab1' (cds.lib command ignored).
DEFINE Lb1 /home/dcc3637/CE_391/Lab1/Lb1
|
xrun: *W,DLCPTH (/home/dcc3637/cds.lib,4): cds.lib Invalid path '/home/dcc3637/CE_391/Lab1/Lb1' (cds.lib command ignored).
DEFINE Lb /home/dcc3637/CE_391/Lab1/Lb
|
xrun: *W,DLCPTH (/home/dcc3637/cds.lib,5): cds.lib Invalid path '/home/dcc3637/CE_391/Lab1/Lb' (cds.lib command ignored).
DEFINE Lab1 /home/dcc3637/CE_391/Lab1
|
xrun: *W,DLCPTH (/home/dcc3637/cds.lib,6): cds.lib Invalid path '/home/dcc3637/CE_391/Lab1' (cds.lib command ignored).
DEFINE Lab1 /home/dcc3637/CE_391/Lab1/Lab1
|
xrun: *W,DLCPTH (/home/dcc3637/cds.lib,2): cds.lib Invalid path '/home/dcc3637/CE_391/Lab1/Lab1' (cds.lib command ignored).
DEFINE Lb1 /home/dcc3637/CE_391/Lab1/Lb1
|
xrun: *W,DLCPTH (/home/dcc3637/cds.lib,4): cds.lib Invalid path '/home/dcc3637/CE_391/Lab1/Lb1' (cds.lib command ignored).
DEFINE Lb /home/dcc3637/CE_391/Lab1/Lb
|
xrun: *W,DLCPTH (/home/dcc3637/cds.lib,5): cds.lib Invalid path '/home/dcc3637/CE_391/Lab1/Lb' (cds.lib command ignored).
DEFINE Lab1 /home/dcc3637/CE_391/Lab1
|
xrun: *W,DLCPTH (/home/dcc3637/cds.lib,6): cds.lib Invalid path '/home/dcc3637/CE_391/Lab1' (cds.lib command ignored).
DEFINE Lab1 /home/dcc3637/CE_391/Lab1/Lab1
|
xrun: *W,DLCPTH (/home/dcc3637/cds.lib,2): cds.lib Invalid path '/home/dcc3637/CE_391/Lab1/Lab1' (cds.lib command ignored).
DEFINE Lb1 /home/dcc3637/CE_391/Lab1/Lb1
|
xrun: *W,DLCPTH (/home/dcc3637/cds.lib,4): cds.lib Invalid path '/home/dcc3637/CE_391/Lab1/Lb1' (cds.lib command ignored).
DEFINE Lb /home/dcc3637/CE_391/Lab1/Lb
|
xrun: *W,DLCPTH (/home/dcc3637/cds.lib,5): cds.lib Invalid path '/home/dcc3637/CE_391/Lab1/Lb' (cds.lib command ignored).
DEFINE Lab1 /home/dcc3637/CE_391/Lab1
|
xrun: *W,DLCPTH (/home/dcc3637/cds.lib,6): cds.lib Invalid path '/home/dcc3637/CE_391/Lab1' (cds.lib command ignored).
DEFINE Lab1 /home/dcc3637/CE_391/Lab1/Lab1
|
xrun: *W,DLCPTH (/home/dcc3637/cds.lib,2): cds.lib Invalid path '/home/dcc3637/CE_391/Lab1/Lab1' (cds.lib command ignored).
DEFINE Lb1 /home/dcc3637/CE_391/Lab1/Lb1
|
xrun: *W,DLCPTH (/home/dcc3637/cds.lib,4): cds.lib Invalid path '/home/dcc3637/CE_391/Lab1/Lb1' (cds.lib command ignored).
DEFINE Lb /home/dcc3637/CE_391/Lab1/Lb
|
xrun: *W,DLCPTH (/home/dcc3637/cds.lib,5): cds.lib Invalid path '/home/dcc3637/CE_391/Lab1/Lb' (cds.lib command ignored).
DEFINE Lab1 /home/dcc3637/CE_391/Lab1
|
xrun: *W,DLCPTH (/home/dcc3637/cds.lib,6): cds.lib Invalid path '/home/dcc3637/CE_391/Lab1' (cds.lib command ignored).
DEFINE Lab1 /home/dcc3637/CE_391/Lab1/Lab1
|
xmsim: *W,DLCPTH (/home/dcc3637/cds.lib,2): cds.lib Invalid path '/home/dcc3637/CE_391/Lab1/Lab1' (cds.lib command ignored).
DEFINE Lb1 /home/dcc3637/CE_391/Lab1/Lb1
|
xmsim: *W,DLCPTH (/home/dcc3637/cds.lib,4): cds.lib Invalid path '/home/dcc3637/CE_391/Lab1/Lb1' (cds.lib command ignored).
DEFINE Lb /home/dcc3637/CE_391/Lab1/Lb
|
xmsim: *W,DLCPTH (/home/dcc3637/cds.lib,5): cds.lib Invalid path '/home/dcc3637/CE_391/Lab1/Lb' (cds.lib command ignored).
DEFINE Lab1 /home/dcc3637/CE_391/Lab1
|
xmsim: *W,DLCPTH (/home/dcc3637/cds.lib,6): cds.lib Invalid path '/home/dcc3637/CE_391/Lab1' (cds.lib command ignored).
SVSEED default: 1
xmsim: *W,DSEM2009: This SystemVerilog design is simulated as per IEEE 1800-2009 SystemVerilog simulation semantics. Use -disable_sem2009 option for turning off SV 2009 simulation semantics.

-------------------------------------
Relinquished control to SimVision...
xcelium> 
xcelium> source /vol/cadence2018/XCELIUM2109/tools/xcelium/files/xmsimrc
xcelium> database -open waves -into waves.shm -default
Created default SHM database waves
xcelium> probe -create -shm tb_mac_float.dut.a tb_mac_float.dut.b tb_mac_float.dut.c tb_mac_float.dut.c_upper_slice tb_mac_float.dut.c_upper_slice_q tb_mac_float.dut.clk tb_mac_float.dut.csa_c tb_mac_float.dut.csa_c_q tb_mac_float.dut.float_a tb_mac_float.dut.float_b tb_mac_float.dut.float_c tb_mac_float.dut.float_c_2q tb_mac_float.dut.float_sum_rounded tb_mac_float.dut.float_sum_rounded_q tb_mac_float.dut.float_z tb_mac_float.dut.mantissa_sum_raw tb_mac_float.dut.mantissa_sum_raw_neg tb_mac_float.dut.mantissa_sum_raw_q tb_mac_float.dut.norm_mant_a tb_mac_float.dut.norm_mant_a_q tb_mac_float.dut.norm_mant_b tb_mac_float.dut.norm_mant_b_q tb_mac_float.dut.product_exp tb_mac_float.dut.product_exp_2q tb_mac_float.dut.product_sign tb_mac_float.dut.product_sign_2q tb_mac_float.dut.sum_float_flags tb_mac_float.dut.sum_float_flags_2q tb_mac_float.dut.sum_float_flags_3q tb_mac_float.dut.sum_rounded_exp_ovfl tb_mac_float.dut.sum_rounded_exp_ovfl_q tb_mac_float.dut.sum_rounded_exp_unfl tb_mac_float.dut.sum_rounded_exp_unfl_q tb_mac_float.dut.sum_signed tb_mac_float.dut.unsigned_mantissa_sum tb_mac_float.dut.z
Created probe 1
xcelium> run
=== STARTING PARAMETERIZED MAC TEST (Exp=5, Frac=10) ===
--- Random Stress Test ---
stop -create -name Randomize -randomize
Created stop Randomize

Test Case 0
xmsim: *E,ERRSEV (./sanity_test.sv,183): (time 156100 PS).
tb_mac_float.check_result
[Rand #0] FAIL: A=1.776367 B=-17.421875 C=0.000000 | DUT=30.953125 (0xXfbd) REF=-30.953125 (0xcfbd)
Simulation stopped via $stop(1) at time 156100 PS + 0
xcelium> ^C
xcelium> exit
TOOL:	xrun(64)	21.09-s001: Exiting on Feb 23, 2026 at 15:15:15 CST  (total: 00:01:34)
